<?xml version="1.0" encoding="UTF-8"?>
<!-- Generated by org.testng.reporters.JUnitReportReporter -->
<testsuite ignored="0" hostname="99s-MacBook-Pro-3.local" failures="0" tests="1" name="android.ninetynine.createlisting.C1407_CreateACondoRentRegularListing" time="250.691" errors="0" timestamp="09 Jul 2021 07:33:38 GMT" skipped="0">
  <testcase classname="android.ninetynine.createlisting.C1407_CreateACondoRentRegularListing" name="C1407_CreateACondoRentRegular_Listing" time="250.691"/>
</testsuite> <!-- android.ninetynine.createlisting.C1407_CreateACondoRentRegularListing -->
