<?xml version="1.0" encoding="UTF-8"?>
<!-- Generated by org.testng.reporters.JUnitReportReporter -->
<testsuite ignored="0" hostname="99s-MacBook-Pro-3.local" failures="0" tests="1" name="android.ninetynine.auth.C123_Login" time="89.579" errors="0" timestamp="05 Jul 2021 10:09:49 GMT" skipped="0">
  <testcase classname="android.ninetynine.auth.C123_Login" name="C123_Login_VerUser" time="89.579"/>
</testsuite> <!-- android.ninetynine.auth.C123_Login -->
