<?xml version="1.0" encoding="UTF-8"?>
<!-- Generated by org.testng.reporters.JUnitReportReporter -->
<testsuite ignored="0" hostname="99s-MacBook-Pro.local" failures="0" tests="1" name="android.ninetynine.auth.C123c_LoginNoAcc" time="89.661" errors="1" timestamp="30 Apr 2021 07:55:02 GMT" skipped="0">
  <testcase classname="android.ninetynine.auth.C123c_LoginNoAcc" name="C123c_Login_NoAccUser" time="89.661">
    <error message="unknown error (Exception of type &#039;java.lang.NullPointerException&#039; : Unknown Exception message (null))  (WARNING: The server did not provide any stacktrace information)
Command duration or timeout: 302 milliseconds
Build info: version: &#039;2.53.1&#039;, revision: &#039;a36b8b1cd5757287168e54b817830adce9b0158d&#039;, time: &#039;2016-06-30 19:26:09&#039;
System info: host: &#039;99s-MacBook-Pro.local&#039;, ip: &#039;192.168.1.100&#039;, os.name: &#039;Mac OS X&#039;, os.arch: &#039;x86_64&#039;, os.version: &#039;10.16&#039;, java.version: &#039;15.0.2&#039;
Driver info: io.appium.java_client.android.AndroidDriver
Capabilities [{appPackage=co.ninetynine.android.dev, device.majorVersion=9, dontGoHomeOnQuit=false, device.os=Android, noReset=false, dontStopAppOnReset=false, applicationClearData=false, reservationDuration=240, reportFormat=xml, deviceName=ce061716bb6d04e10d7e, fullReset=false, platform=ANY, deviceUDID=ce061716bb6d04e10d7e, install.only.for.update=false, desired={appPackage=co.ninetynine.android.dev, appActivity=co.ninetynine.android.Launcher, automationName=uiautomator, reportDirectory=D:WZNinetyNineCoNinetyNine_TestReport, platformName=Android, deviceName=ce061716bb6d04e10d7e}, device.serialNumber=ce061716bb6d04e10d7e, locationServicesAuthorized=false, device.version=9, automationName=uiautomator, reportDirectory=D:WZNinetyNineCoNinetyNine_TestReport, autoWebview=false, platformName=Android, udid=ce061716bb6d04e10d7e, testName=mobile test 04/30/21 03:53 PM, device.screenSize=1080x2220, useKeystore=false, test.type=Mobile, commandTimeouts=120000, device.manufacture=samsung, instrumentApp=false, appiumVersion=1.8.0, device.category=PHONE, autoDismissAlerts=false, reportUrl=/Users/jinhaokoh/appiumstudio-reports/D:WZNinetyNineCoNinetyNine_TestReport/test23, newSessionWaitTimeout=600, keystorePath=~/.android/debug.keystore, appActivity=co.ninetynine.android.Launcher, installOnlyForUpdate=false, waitForDeviceTimeout=120000, device.model=SM-N950F, device.name=SM-N950F, autoGrantPermissions=false, appBuildVersion=, appReleaseVersion=, takeScreenshots=true, projectName=, autoAcceptAlerts=false}]
Session ID: 31db3b6d-ba7c-440a-8910-711b6fab137d" type="org.openqa.selenium.WebDriverException">
      <![CDATA[org.openqa.selenium.WebDriverException: unknown error (Exception of type 'java.lang.NullPointerException' : Unknown Exception message (null))  (WARNING: The server did not provide any stacktrace information)
Command duration or timeout: 302 milliseconds
Build info: version: '2.53.1', revision: 'a36b8b1cd5757287168e54b817830adce9b0158d', time: '2016-06-30 19:26:09'
System info: host: '99s-MacBook-Pro.local', ip: '192.168.1.100', os.name: 'Mac OS X', os.arch: 'x86_64', os.version: '10.16', java.version: '15.0.2'
Driver info: io.appium.java_client.android.AndroidDriver
Capabilities [{appPackage=co.ninetynine.android.dev, device.majorVersion=9, dontGoHomeOnQuit=false, device.os=Android, noReset=false, dontStopAppOnReset=false, applicationClearData=false, reservationDuration=240, reportFormat=xml, deviceName=ce061716bb6d04e10d7e, fullReset=false, platform=ANY, deviceUDID=ce061716bb6d04e10d7e, install.only.for.update=false, desired={appPackage=co.ninetynine.android.dev, appActivity=co.ninetynine.android.Launcher, automationName=uiautomator, reportDirectory=D:WZNinetyNineCoNinetyNine_TestReport, platformName=Android, deviceName=ce061716bb6d04e10d7e}, device.serialNumber=ce061716bb6d04e10d7e, locationServicesAuthorized=false, device.version=9, automationName=uiautomator, reportDirectory=D:WZNinetyNineCoNinetyNine_TestReport, autoWebview=false, platformName=Android, udid=ce061716bb6d04e10d7e, testName=mobile test 04/30/21 03:53 PM, device.screenSize=1080x2220, useKeystore=false, test.type=Mobile, commandTimeouts=120000, device.manufacture=samsung, instrumentApp=false, appiumVersion=1.8.0, device.category=PHONE, autoDismissAlerts=false, reportUrl=/Users/jinhaokoh/appiumstudio-reports/D:WZNinetyNineCoNinetyNine_TestReport/test23, newSessionWaitTimeout=600, keystorePath=~/.android/debug.keystore, appActivity=co.ninetynine.android.Launcher, installOnlyForUpdate=false, waitForDeviceTimeout=120000, device.model=SM-N950F, device.name=SM-N950F, autoGrantPermissions=false, appBuildVersion=, appReleaseVersion=, takeScreenshots=true, projectName=, autoAcceptAlerts=false}]
Session ID: 31db3b6d-ba7c-440a-8910-711b6fab137d
	at java.base/jdk.internal.reflect.NativeConstructorAccessorImpl.newInstance0(Native Method)
	at java.base/jdk.internal.reflect.NativeConstructorAccessorImpl.newInstance(NativeConstructorAccessorImpl.java:64)
	at java.base/jdk.internal.reflect.DelegatingConstructorAccessorImpl.newInstance(DelegatingConstructorAccessorImpl.java:45)
	at java.base/java.lang.reflect.Constructor.newInstanceWithCaller(Constructor.java:500)
	at java.base/java.lang.reflect.Constructor.newInstance(Constructor.java:481)
	at org.openqa.selenium.remote.ErrorHandler.createThrowable(ErrorHandler.java:206)
	at org.openqa.selenium.remote.ErrorHandler.throwIfResponseFailed(ErrorHandler.java:158)
	at org.openqa.selenium.remote.RemoteWebDriver.execute(RemoteWebDriver.java:678)
	at io.appium.java_client.DefaultGenericMobileDriver.execute(DefaultGenericMobileDriver.java:40)
	at io.appium.java_client.AppiumDriver.execute(AppiumDriver.java:1)
	at io.appium.java_client.android.AndroidDriver.execute(AndroidDriver.java:1)
	at org.openqa.selenium.remote.RemoteWebElement.execute(RemoteWebElement.java:327)
	at io.appium.java_client.DefaultGenericMobileElement.execute(DefaultGenericMobileElement.java:33)
	at io.appium.java_client.MobileElement.execute(MobileElement.java:1)
	at io.appium.java_client.android.AndroidElement.execute(AndroidElement.java:1)
	at org.openqa.selenium.remote.RemoteWebElement.sendKeys(RemoteWebElement.java:122)
	at android.ninetynine.util.GeneralUtilities.input(GeneralUtilities.java:73)
	at android.ninetynine.pageobjects.Login.Login_Input_Email(Login.java:81)
	at android.ninetynine.auth.C123c_LoginNoAcc.C123c_Login_NoAccUser(C123c_LoginNoAcc.java:46)
	at java.base/jdk.internal.reflect.NativeMethodAccessorImpl.invoke0(Native Method)
	at java.base/jdk.internal.reflect.NativeMethodAccessorImpl.invoke(NativeMethodAccessorImpl.java:64)
	at java.base/jdk.internal.reflect.DelegatingMethodAccessorImpl.invoke(DelegatingMethodAccessorImpl.java:43)
	at java.base/java.lang.reflect.Method.invoke(Method.java:564)
	at org.testng.internal.MethodInvocationHelper.invokeMethod(MethodInvocationHelper.java:104)
	at org.testng.internal.Invoker.invokeMethod(Invoker.java:645)
	at org.testng.internal.Invoker.invokeTestMethod(Invoker.java:851)
	at org.testng.internal.Invoker.invokeTestMethods(Invoker.java:1177)
	at org.testng.internal.TestMethodWorker.invokeTestMethods(TestMethodWorker.java:129)
	at org.testng.internal.TestMethodWorker.run(TestMethodWorker.java:112)
	at org.testng.TestRunner.privateRun(TestRunner.java:756)
	at org.testng.TestRunner.run(TestRunner.java:610)
	at org.testng.SuiteRunner.runTest(SuiteRunner.java:387)
	at org.testng.SuiteRunner.runSequentially(SuiteRunner.java:382)
	at org.testng.SuiteRunner.privateRun(SuiteRunner.java:340)
	at org.testng.SuiteRunner.run(SuiteRunner.java:289)
	at org.testng.SuiteRunnerWorker.runSuite(SuiteRunnerWorker.java:52)
	at org.testng.SuiteRunnerWorker.run(SuiteRunnerWorker.java:86)
	at org.testng.TestNG.runSuitesSequentially(TestNG.java:1293)
	at org.testng.TestNG.runSuitesLocally(TestNG.java:1218)
	at org.testng.TestNG.runSuites(TestNG.java:1133)
	at org.testng.TestNG.run(TestNG.java:1104)
	at org.testng.remote.AbstractRemoteTestNG.run(AbstractRemoteTestNG.java:115)
	at org.testng.remote.RemoteTestNG.initAndRun(RemoteTestNG.java:251)
	at org.testng.remote.RemoteTestNG.main(RemoteTestNG.java:77)
]]>
    </error>
  </testcase> <!-- C123c_Login_NoAccUser -->
</testsuite> <!-- android.ninetynine.auth.C123c_LoginNoAcc -->
