<?xml version="1.0" encoding="UTF-8"?>
<!-- Generated by org.testng.reporters.JUnitReportReporter -->
<testsuite ignored="0" hostname="99s-MacBook-Pro.local" failures="0" tests="1" name="android.ninetynine.auth.C123b_LoginUnverUser" time="98.126" errors="0" timestamp="30 Apr 2021 08:11:55 GMT" skipped="0">
  <testcase classname="android.ninetynine.auth.C123b_LoginUnverUser" name="C123b_Login_UnverUser" time="98.126"/>
</testsuite> <!-- android.ninetynine.auth.C123b_LoginUnverUser -->
