<?xml version="1.0" encoding="UTF-8"?>
<!-- Generated by org.testng.reporters.JUnitReportReporter -->
<testsuite ignored="0" hostname="99s-MacBook-Pro-3.local" failures="0" tests="1" name="android.ninetynine.createlisting.C1409_CreateALandedRentRegularListing" time="256.454" errors="0" timestamp="09 Jul 2021 07:33:38 GMT" skipped="0">
  <testcase classname="android.ninetynine.createlisting.C1409_CreateALandedRentRegularListing" name="C1409_CreateALandedRentRegular_Listing" time="256.454"/>
</testsuite> <!-- android.ninetynine.createlisting.C1409_CreateALandedRentRegularListing -->
