<?xml version="1.0" encoding="UTF-8"?>
<!-- Generated by org.testng.reporters.JUnitReportReporter -->
<testsuite ignored="0" hostname="99s-MacBook-Pro-3.local" failures="0" tests="1" name="android.ninetynine.createlisting.C1408_CreateALandedRentRegularListing" time="254.105" errors="0" timestamp="09 Jul 2021 06:24:29 GMT" skipped="0">
  <testcase classname="android.ninetynine.createlisting.C1408_CreateALandedRentRegularListing" name="C1407_CreateALandedRentRegular_Listing" time="254.105"/>
</testsuite> <!-- android.ninetynine.createlisting.C1408_CreateALandedRentRegularListing -->
